<?xml version="1.0" encoding="UTF-8"?>
<!-- Generated by org.testng.reporters.JUnitReportReporter -->
<testsuite hostname="DESKTOP-1998KDR" failures="0" tests="5" name="TestNG_Mock_Practice.testNG_Keywords" time="0.027" errors="0" timestamp="2022-07-27T12:15:48 IST" skipped="0">
  <testcase classname="TestNG_Mock_Practice.testNG_Keywords" name="keywords_eg" time="0.000"/>
  <system-out>
    <![CDATA[This is innvocation]]>
  </system-out>
  <testcase classname="TestNG_Mock_Practice.testNG_Keywords" name="keywords_eg" time="0.013"/>
  <system-out>
    <![CDATA[This is innvocation]]>
  </system-out>
  <testcase classname="TestNG_Mock_Practice.testNG_Keywords" name="keywords_eg" time="0.002"/>
  <system-out>
    <![CDATA[This is innvocation]]>
  </system-out>
  <testcase classname="TestNG_Mock_Practice.testNG_Keywords" name="keywords_eg" time="0.008"/>
  <system-out>
    <![CDATA[This is innvocation]]>
  </system-out>
  <testcase classname="TestNG_Mock_Practice.testNG_Keywords" name="keywords_eg" time="0.004"/>
  <system-out>
    <![CDATA[This is innvocation]]>
  </system-out>
</testsuite> <!-- TestNG_Mock_Practice.testNG_Keywords -->
