<?xml version="1.0" encoding="UTF-8"?>
<!-- Generated by org.testng.reporters.JUnitReportReporter -->
<testsuite hostname="DESKTOP-1998KDR" failures="0" tests="5" name="Practice.test11" time="0.023" errors="0" timestamp="2022-07-29T17:31:53 IST" skipped="0">
  <testcase classname="Practice.test11" name="test_method" time="0.001"/>
  <system-out>
    <![CDATA[This is test-4]]>
  </system-out>
  <testcase classname="Practice.test11" name="test_method" time="0.000"/>
  <system-out>
    <![CDATA[This is test-4]]>
  </system-out>
  <testcase classname="Practice.test11" name="test_method" time="0.002"/>
  <system-out>
    <![CDATA[This is test-4]]>
  </system-out>
  <testcase classname="Practice.test11" name="test_method" time="0.001"/>
  <system-out>
    <![CDATA[This is test-4]]>
  </system-out>
  <testcase classname="Practice.test11" name="test_method" time="0.019"/>
  <system-out>
    <![CDATA[This is test-4]]>
  </system-out>
</testsuite> <!-- Practice.test11 -->
