<?xml version="1.0" encoding="UTF-8"?>
<!-- Generated by org.testng.reporters.JUnitReportReporter -->
<testsuite hostname="DESKTOP-1998KDR" failures="0" tests="2" name="TestNG_Mock_Practice.Annotations_EG" time="0.013" errors="0" timestamp="2022-07-30T17:54:38 IST" skipped="0">
  <testcase classname="TestNG_Mock_Practice.Annotations_EG" name="failtest" time="0.010"/>
  <system-out>
    <![CDATA[this method is fail by me]]>
  </system-out>
  <testcase classname="TestNG_Mock_Practice.Annotations_EG" name="test_method" time="0.003"/>
  <system-out>
    <![CDATA[This is test-4]]>
  </system-out>
</testsuite> <!-- TestNG_Mock_Practice.Annotations_EG -->
