<?xml version="1.0" encoding="UTF-8"?>
<!-- Generated by org.testng.reporters.JUnitReportReporter -->
<testsuite hostname="DESKTOP-1998KDR" failures="0" tests="1" name="TestNG_Serial_Parallel_Execution.CLASS_1" time="7.224" errors="0" timestamp="2022-08-01T16:42:37 IST" skipped="0">
  <testcase classname="TestNG_Serial_Parallel_Execution.CLASS_1" name="f" time="7.224"/>
  <system-out/>
</testsuite> <!-- TestNG_Serial_Parallel_Execution.CLASS_1 -->
