<?xml version="1.0" encoding="UTF-8"?>
<!-- Generated by org.testng.reporters.JUnitReportReporter -->
<testsuite hostname="DESKTOP-1998KDR" failures="0" tests="1" name="TestNG_Serial_Parallel_Execution.CLASS_2" time="10.186" errors="0" timestamp="2022-08-01T16:42:37 IST" skipped="0">
  <testcase classname="TestNG_Serial_Parallel_Execution.CLASS_2" name="f" time="10.186"/>
  <system-out/>
</testsuite> <!-- TestNG_Serial_Parallel_Execution.CLASS_2 -->
