<?xml version="1.0" encoding="UTF-8"?>
<!-- Generated by org.testng.reporters.JUnitReportReporter -->
<testsuite hostname="DESKTOP-1998KDR" failures="0" tests="5" name="TestNG_Mock_Practice.Keywords_Invocation" time="0.016" errors="0" timestamp="2022-07-29T17:13:45 IST" skipped="0">
  <testcase classname="TestNG_Mock_Practice.Keywords_Invocation" name="keywords_eg" time="0.001"/>
  <system-out>
    <![CDATA[This is innvocation]]>
  </system-out>
  <testcase classname="TestNG_Mock_Practice.Keywords_Invocation" name="keywords_eg" time="0.001"/>
  <system-out>
    <![CDATA[This is innvocation]]>
  </system-out>
  <testcase classname="TestNG_Mock_Practice.Keywords_Invocation" name="keywords_eg" time="0.001"/>
  <system-out>
    <![CDATA[This is innvocation]]>
  </system-out>
  <testcase classname="TestNG_Mock_Practice.Keywords_Invocation" name="keywords_eg" time="0.001"/>
  <system-out>
    <![CDATA[This is innvocation]]>
  </system-out>
  <testcase classname="TestNG_Mock_Practice.Keywords_Invocation" name="keywords_eg" time="0.012"/>
  <system-out>
    <![CDATA[This is innvocation]]>
  </system-out>
</testsuite> <!-- TestNG_Mock_Practice.Keywords_Invocation -->
