<?xml version="1.0" encoding="UTF-8"?>
<!-- Generated by org.testng.reporters.JUnitReportReporter -->
<testsuite hostname="DESKTOP-1998KDR" failures="0" tests="4" name="TestNG_Mock_Practice.keyword_dependsOnMethod" time="0.014" errors="0" timestamp="2022-07-27T13:14:41 IST" skipped="0">
  <testcase classname="TestNG_Mock_Practice.keyword_dependsOnMethod" name="test_method_3" time="0.008"/>
  <system-out>
    <![CDATA[This is test-3]]>
  </system-out>
  <testcase classname="TestNG_Mock_Practice.keyword_dependsOnMethod" name="test_method_1" time="0.002"/>
  <system-out>
    <![CDATA[This is test-1]]>
  </system-out>
  <testcase classname="TestNG_Mock_Practice.keyword_dependsOnMethod" name="test_method_4" time="0.002"/>
  <system-out>
    <![CDATA[This is test-4]]>
  </system-out>
  <testcase classname="TestNG_Mock_Practice.keyword_dependsOnMethod" name="atest_method_9" time="0.002"/>
  <system-out>
    <![CDATA[This is test-2]]>
  </system-out>
</testsuite> <!-- TestNG_Mock_Practice.keyword_dependsOnMethod -->
