<?xml version="1.0" encoding="UTF-8"?>
<!-- Generated by org.testng.reporters.JUnitReportReporter -->
<testsuite hostname="DESKTOP-1998KDR" failures="0" tests="1" name="TestNGStudy.TestNGAnnotations" time="0.006" errors="0" timestamp="2022-07-29T17:11:44 IST" skipped="0">
  <testcase classname="TestNGStudy.TestNGAnnotations" name="annotationTest" time="0.006"/>
  <system-out>
    <![CDATA[This is @test & I'm no. 4]]>
  </system-out>
</testsuite> <!-- TestNGStudy.TestNGAnnotations -->
