<?xml version="1.0" encoding="UTF-8"?>
<!-- Generated by org.testng.reporters.JUnitReportReporter -->
<testsuite hostname="DESKTOP-1998KDR" failures="0" tests="1" name="TestNGStudy.Eg1_TestNGClass" time="17.121" errors="0" timestamp="2022-07-29T17:10:57 IST" skipped="0">
  <testcase classname="TestNGStudy.Eg1_TestNGClass" name="AmazonLogin" time="17.121"/>
  <system-out>
    <![CDATA[this is reporter log]]>
  </system-out>
</testsuite> <!-- TestNGStudy.Eg1_TestNGClass -->
