<?xml version="1.0" encoding="UTF-8"?>
<!-- Generated by org.testng.reporters.JUnitReportReporter -->
<testsuite hostname="DESKTOP-1998KDR" failures="0" tests="1" name="TestNG_Mock_Practice.abcd" time="0.008" errors="0" timestamp="2022-08-09T17:39:40 IST" skipped="0">
  <testcase classname="TestNG_Mock_Practice.abcd" name="fall" time="0.008"/>
  <system-out>
    <![CDATA[this is starting method
this is simple]]>
  </system-out>
</testsuite> <!-- TestNG_Mock_Practice.abcd -->
