<?xml version="1.0" encoding="UTF-8"?>
<!-- Generated by org.testng.reporters.JUnitReportReporter -->
<testsuite hostname="DESKTOP-1998KDR" failures="0" tests="1" name="TestNG_Mock_Practice.keyword_Enabled" time="0.014" errors="0" timestamp="2022-07-30T17:34:45 IST" skipped="0">
  <testcase classname="TestNG_Mock_Practice.keyword_Enabled" name="test_method_1" time="0.014"/>
  <system-out>
    <![CDATA[This is test-1]]>
  </system-out>
</testsuite> <!-- TestNG_Mock_Practice.keyword_Enabled -->
