<?xml version="1.0" encoding="UTF-8"?>
<!-- Generated by org.testng.reporters.JUnitReportReporter -->
<testsuite hostname="DESKTOP-1998KDR" failures="0" tests="4" name="TestNG_Mock_Practice.keywords_priority" time="0.012" errors="0" timestamp="2022-07-29T17:20:57 IST" skipped="0">
  <testcase classname="TestNG_Mock_Practice.keywords_priority" name="test_method_5" time="0.001"/>
  <system-out>
    <![CDATA[This is atest-29999]]>
  </system-out>
  <testcase classname="TestNG_Mock_Practice.keywords_priority" name="test_method_3" time="0.000"/>
  <system-out>
    <![CDATA[This is test-3]]>
  </system-out>
  <testcase classname="TestNG_Mock_Practice.keywords_priority" name="test_method_1" time="0.010"/>
  <system-out>
    <![CDATA[This is test-1]]>
  </system-out>
  <testcase classname="TestNG_Mock_Practice.keywords_priority" name="test_method_4" time="0.001"/>
  <system-out>
    <![CDATA[This is test-4]]>
  </system-out>
</testsuite> <!-- TestNG_Mock_Practice.keywords_priority -->
